<?xml version="1.0" encoding="UTF-8"?>
<!-- Generated by org.testng.reporters.JUnitXMLReporter -->
<testsuite hostname="WSSYS024" name="Test" tests="2" failures="0" timestamp="10 Jan 2020 07:42:31 GMT" time="8.813" errors="0">
  <testcase name="@BeforeMethod loginCheck" time="0.0" classname="Com.E2M.Responsive.Responsive_Event2MobileTest">
    <failure type="org.openqa.selenium.NoSuchWindowException" message="no such window: target window already closed
from unknown error: web view not found
  (Session info: chrome=79.0.3945.117)
Build info: version: &amp;apos;3.141.59&amp;apos;, revision: &amp;apos;e82be7d358&amp;apos;, time: &amp;apos;2018-11-14T08:17:03&amp;apos;
System info: host: &amp;apos;WSSYS024&amp;apos;, ip: &amp;apos;172.22.0.54&amp;apos;, os.name: &amp;apos;Windows 7&amp;apos;, os.arch: &amp;apos;amd64&amp;apos;, os.version: &amp;apos;6.1&amp;apos;, java.version: &amp;apos;1.8.0_221&amp;apos;
Driver info: org.openqa.selenium.chrome.ChromeDriver
Capabilities {acceptInsecureCerts: false, browserName: chrome, browserVersion: 79.0.3945.117, chrome: {chromedriverVersion: 78.0.3904.105 (60e2d8774a81..., userDataDir: C:\Users\IPSITA~1.HAZ\AppDa...}, goog:chromeOptions: {debuggerAddress: localhost:56226}, javascriptEnabled: true, networkConnectionEnabled: false, pageLoadStrategy: normal, platform: XP, platformName: XP, proxy: Proxy(), setWindowRect: true, strictFileInteractability: false, timeouts: {implicit: 0, pageLoad: 300000, script: 30000}, unhandledPromptBehavior: dismiss and notify}
Session ID: bdbd76f7cb7ee8a053715e8798bccb55
*** Element info: {Using=xpath, value=//input[@id=&amp;apos;txtUsername&amp;apos;]}">
      <![CDATA[org.openqa.selenium.NoSuchWindowException: no such window: target window already closed
from unknown error: web view not found
  (Session info: chrome=79.0.3945.117)
Build info: version: '3.141.59', revision: 'e82be7d358', time: '2018-11-14T08:17:03'
System info: host: 'WSSYS024', ip: '172.22.0.54', os.name: 'Windows 7', os.arch: 'amd64', os.version: '6.1', java.version: '1.8.0_221'
Driver info: org.openqa.selenium.chrome.ChromeDriver
Capabilities {acceptInsecureCerts: false, browserName: chrome, browserVersion: 79.0.3945.117, chrome: {chromedriverVersion: 78.0.3904.105 (60e2d8774a81..., userDataDir: C:\Users\IPSITA~1.HAZ\AppDa...}, goog:chromeOptions: {debuggerAddress: localhost:56226}, javascriptEnabled: true, networkConnectionEnabled: false, pageLoadStrategy: normal, platform: XP, platformName: XP, proxy: Proxy(), setWindowRect: true, strictFileInteractability: false, timeouts: {implicit: 0, pageLoad: 300000, script: 30000}, unhandledPromptBehavior: dismiss and notify}
Session ID: bdbd76f7cb7ee8a053715e8798bccb55
*** Element info: {Using=xpath, value=//input[@id='txtUsername']}
	at org.openqa.selenium.remote.http.W3CHttpResponseCodec.createException(W3CHttpResponseCodec.java:187)
	at org.openqa.selenium.remote.http.W3CHttpResponseCodec.decode(W3CHttpResponseCodec.java:122)
	at org.openqa.selenium.remote.http.W3CHttpResponseCodec.decode(W3CHttpResponseCodec.java:49)
	at org.openqa.selenium.remote.HttpCommandExecutor.execute(HttpCommandExecutor.java:158)
	at org.openqa.selenium.remote.service.DriverCommandExecutor.execute(DriverCommandExecutor.java:83)
	at org.openqa.selenium.remote.RemoteWebDriver.execute(RemoteWebDriver.java:552)
	at org.openqa.selenium.remote.RemoteWebDriver.findElement(RemoteWebDriver.java:323)
	at org.openqa.selenium.remote.RemoteWebDriver.findElementByXPath(RemoteWebDriver.java:428)
	at org.openqa.selenium.By$ByXPath.findElement(By.java:353)
	at org.openqa.selenium.remote.RemoteWebDriver.findElement(RemoteWebDriver.java:315)
	at org.openqa.selenium.support.pagefactory.DefaultElementLocator.findElement(DefaultElementLocator.java:69)
	at org.openqa.selenium.support.pagefactory.internal.LocatingElementHandler.invoke(LocatingElementHandler.java:38)
	at com.sun.proxy.$Proxy9.sendKeys(Unknown Source)
	at Com.E2M.ObjectRepository.LoginPage.EnterUsername(LoginPage.java:30)
	at Com.E2M.GenericLibraries.Baseclass_libraries.loginCheck(Baseclass_libraries.java:70)
... Removed 30 stack frames]]>
    </failure>
  </testcase> <!-- @BeforeMethod loginCheck -->
  <testcase name="@BeforeMethod loginCheck" time="0.0" classname="Com.E2M.Responsive.Responsive_Event2MobileTest">
    <skipped/>
  </testcase> <!-- @BeforeMethod loginCheck -->
  <testcase name="@AfterClass closeBrowser" time="0.0" classname="Com.E2M.Responsive.Responsive_Event2MobileTest">
    <skipped/>
  </testcase> <!-- @AfterClass closeBrowser -->
  <testcase name="LogoutAfterImmediateLogin" time="0.001" classname="Com.E2M.Responsive.Responsive_Event2MobileTest">
    <skipped/>
  </testcase> <!-- LogoutAfterImmediateLogin -->
  <testcase name="PostLogin_linkTest" time="0.001" classname="Com.E2M.Responsive.Responsive_Event2MobileTest">
    <skipped/>
  </testcase> <!-- PostLogin_linkTest -->
</testsuite> <!-- Test -->
